/var/lib/jenkins/workspace/CP1_D/.aws-sam/build/CreateTodoFunction/requests/__init__.py:60: [B101, LOW] Use of assert detected. The enclosed code will be removed when compiling to optimised byte code.
/var/lib/jenkins/workspace/CP1_D/.aws-sam/build/CreateTodoFunction/requests/__init__.py:70: [B101, LOW] Use of assert detected. The enclosed code will be removed when compiling to optimised byte code.
/var/lib/jenkins/workspace/CP1_D/.aws-sam/build/CreateTodoFunction/requests/__init__.py:72: [B101, LOW] Use of assert detected. The enclosed code will be removed when compiling to optimised byte code.
/var/lib/jenkins/workspace/CP1_D/.aws-sam/build/CreateTodoFunction/requests/__init__.py:79: [B101, LOW] Use of assert detected. The enclosed code will be removed when compiling to optimised byte code.
/var/lib/jenkins/workspace/CP1_D/.aws-sam/build/CreateTodoFunction/requests/__init__.py:84: [B101, LOW] Use of assert detected. The enclosed code will be removed when compiling to optimised byte code.
/var/lib/jenkins/workspace/CP1_D/.aws-sam/build/CreateTodoFunction/requests/_internal_utils.py:45: [B101, LOW] Use of assert detected. The enclosed code will be removed when compiling to optimised byte code.
/var/lib/jenkins/workspace/CP1_D/.aws-sam/build/CreateTodoFunction/requests/auth.py:148: [B303, MEDIUM] Use of insecure MD2, MD4, MD5, or SHA1 hash function.
/var/lib/jenkins/workspace/CP1_D/.aws-sam/build/CreateTodoFunction/requests/auth.py:156: [B303, MEDIUM] Use of insecure MD2, MD4, MD5, or SHA1 hash function.
/var/lib/jenkins/workspace/CP1_D/.aws-sam/build/CreateTodoFunction/requests/auth.py:205: [B303, MEDIUM] Use of insecure MD2, MD4, MD5, or SHA1 hash function.
/var/lib/jenkins/workspace/CP1_D/.aws-sam/build/CreateTodoFunction/urllib3/contrib/securetransport.py:719: [B101, LOW] Use of assert detected. The enclosed code will be removed when compiling to optimised byte code.
/var/lib/jenkins/workspace/CP1_D/.aws-sam/build/CreateTodoFunction/urllib3/contrib/securetransport.py:723: [B101, LOW] Use of assert detected. The enclosed code will be removed when compiling to optimised byte code.
/var/lib/jenkins/workspace/CP1_D/.aws-sam/build/CreateTodoFunction/urllib3/contrib/securetransport.py:902: [B101, LOW] Use of assert detected. The enclosed code will be removed when compiling to optimised byte code.
/var/lib/jenkins/workspace/CP1_D/.aws-sam/build/CreateTodoFunction/urllib3/contrib/securetransport.py:903: [B101, LOW] Use of assert detected. The enclosed code will be removed when compiling to optimised byte code.
/var/lib/jenkins/workspace/CP1_D/.aws-sam/build/CreateTodoFunction/urllib3/contrib/securetransport.py:904: [B101, LOW] Use of assert detected. The enclosed code will be removed when compiling to optimised byte code.
/var/lib/jenkins/workspace/CP1_D/.aws-sam/build/CreateTodoFunction/urllib3/packages/backports/makefile.py:23: [B101, LOW] Use of assert detected. The enclosed code will be removed when compiling to optimised byte code.
/var/lib/jenkins/workspace/CP1_D/.aws-sam/build/CreateTodoFunction/urllib3/packages/backports/makefile.py:45: [B101, LOW] Use of assert detected. The enclosed code will be removed when compiling to optimised byte code.
/var/lib/jenkins/workspace/CP1_D/.aws-sam/build/CreateTodoFunction/urllib3/packages/six.py:788: [B102, MEDIUM] Use of exec detected.
/var/lib/jenkins/workspace/CP1_D/.aws-sam/build/CreateTodoFunction/urllib3/util/connection.py:142: [B110, LOW] Try, Except, Pass detected.
/var/lib/jenkins/workspace/CP1_D/.aws-sam/build/CreateTodoFunction/urllib3/util/ssl_.py:179: [B504, LOW] ssl.wrap_socket call with no SSL/TLS protocol version specified, the default SSLv23 could be insecure, possible security issue.
/var/lib/jenkins/workspace/CP1_D/.aws-sam/build/CreateTodoFunction/urllib3/util/ssltransport.py:120: [B101, LOW] Use of assert detected. The enclosed code will be removed when compiling to optimised byte code.
/var/lib/jenkins/workspace/CP1_D/.aws-sam/build/CreateTodoFunction/urllib3/util/ssltransport.py:142: [B101, LOW] Use of assert detected. The enclosed code will be removed when compiling to optimised byte code.
/var/lib/jenkins/workspace/CP1_D/.aws-sam/build/DeleteTodoFunction/requests/__init__.py:60: [B101, LOW] Use of assert detected. The enclosed code will be removed when compiling to optimised byte code.
/var/lib/jenkins/workspace/CP1_D/.aws-sam/build/DeleteTodoFunction/requests/__init__.py:70: [B101, LOW] Use of assert detected. The enclosed code will be removed when compiling to optimised byte code.
/var/lib/jenkins/workspace/CP1_D/.aws-sam/build/DeleteTodoFunction/requests/__init__.py:72: [B101, LOW] Use of assert detected. The enclosed code will be removed when compiling to optimised byte code.
/var/lib/jenkins/workspace/CP1_D/.aws-sam/build/DeleteTodoFunction/requests/__init__.py:79: [B101, LOW] Use of assert detected. The enclosed code will be removed when compiling to optimised byte code.
/var/lib/jenkins/workspace/CP1_D/.aws-sam/build/DeleteTodoFunction/requests/__init__.py:84: [B101, LOW] Use of assert detected. The enclosed code will be removed when compiling to optimised byte code.
/var/lib/jenkins/workspace/CP1_D/.aws-sam/build/DeleteTodoFunction/requests/_internal_utils.py:45: [B101, LOW] Use of assert detected. The enclosed code will be removed when compiling to optimised byte code.
/var/lib/jenkins/workspace/CP1_D/.aws-sam/build/DeleteTodoFunction/requests/auth.py:148: [B303, MEDIUM] Use of insecure MD2, MD4, MD5, or SHA1 hash function.
/var/lib/jenkins/workspace/CP1_D/.aws-sam/build/DeleteTodoFunction/requests/auth.py:156: [B303, MEDIUM] Use of insecure MD2, MD4, MD5, or SHA1 hash function.
/var/lib/jenkins/workspace/CP1_D/.aws-sam/build/DeleteTodoFunction/requests/auth.py:205: [B303, MEDIUM] Use of insecure MD2, MD4, MD5, or SHA1 hash function.
/var/lib/jenkins/workspace/CP1_D/.aws-sam/build/DeleteTodoFunction/urllib3/contrib/securetransport.py:719: [B101, LOW] Use of assert detected. The enclosed code will be removed when compiling to optimised byte code.
/var/lib/jenkins/workspace/CP1_D/.aws-sam/build/DeleteTodoFunction/urllib3/contrib/securetransport.py:723: [B101, LOW] Use of assert detected. The enclosed code will be removed when compiling to optimised byte code.
/var/lib/jenkins/workspace/CP1_D/.aws-sam/build/DeleteTodoFunction/urllib3/contrib/securetransport.py:902: [B101, LOW] Use of assert detected. The enclosed code will be removed when compiling to optimised byte code.
/var/lib/jenkins/workspace/CP1_D/.aws-sam/build/DeleteTodoFunction/urllib3/contrib/securetransport.py:903: [B101, LOW] Use of assert detected. The enclosed code will be removed when compiling to optimised byte code.
/var/lib/jenkins/workspace/CP1_D/.aws-sam/build/DeleteTodoFunction/urllib3/contrib/securetransport.py:904: [B101, LOW] Use of assert detected. The enclosed code will be removed when compiling to optimised byte code.
/var/lib/jenkins/workspace/CP1_D/.aws-sam/build/DeleteTodoFunction/urllib3/packages/backports/makefile.py:23: [B101, LOW] Use of assert detected. The enclosed code will be removed when compiling to optimised byte code.
/var/lib/jenkins/workspace/CP1_D/.aws-sam/build/DeleteTodoFunction/urllib3/packages/backports/makefile.py:45: [B101, LOW] Use of assert detected. The enclosed code will be removed when compiling to optimised byte code.
/var/lib/jenkins/workspace/CP1_D/.aws-sam/build/DeleteTodoFunction/urllib3/packages/six.py:788: [B102, MEDIUM] Use of exec detected.
/var/lib/jenkins/workspace/CP1_D/.aws-sam/build/DeleteTodoFunction/urllib3/util/connection.py:142: [B110, LOW] Try, Except, Pass detected.
/var/lib/jenkins/workspace/CP1_D/.aws-sam/build/DeleteTodoFunction/urllib3/util/ssl_.py:179: [B504, LOW] ssl.wrap_socket call with no SSL/TLS protocol version specified, the default SSLv23 could be insecure, possible security issue.
/var/lib/jenkins/workspace/CP1_D/.aws-sam/build/DeleteTodoFunction/urllib3/util/ssltransport.py:120: [B101, LOW] Use of assert detected. The enclosed code will be removed when compiling to optimised byte code.
/var/lib/jenkins/workspace/CP1_D/.aws-sam/build/DeleteTodoFunction/urllib3/util/ssltransport.py:142: [B101, LOW] Use of assert detected. The enclosed code will be removed when compiling to optimised byte code.
/var/lib/jenkins/workspace/CP1_D/.aws-sam/build/GetTodoFunction/requests/__init__.py:60: [B101, LOW] Use of assert detected. The enclosed code will be removed when compiling to optimised byte code.
/var/lib/jenkins/workspace/CP1_D/.aws-sam/build/GetTodoFunction/requests/__init__.py:70: [B101, LOW] Use of assert detected. The enclosed code will be removed when compiling to optimised byte code.
/var/lib/jenkins/workspace/CP1_D/.aws-sam/build/GetTodoFunction/requests/__init__.py:72: [B101, LOW] Use of assert detected. The enclosed code will be removed when compiling to optimised byte code.
/var/lib/jenkins/workspace/CP1_D/.aws-sam/build/GetTodoFunction/requests/__init__.py:79: [B101, LOW] Use of assert detected. The enclosed code will be removed when compiling to optimised byte code.
/var/lib/jenkins/workspace/CP1_D/.aws-sam/build/GetTodoFunction/requests/__init__.py:84: [B101, LOW] Use of assert detected. The enclosed code will be removed when compiling to optimised byte code.
/var/lib/jenkins/workspace/CP1_D/.aws-sam/build/GetTodoFunction/requests/_internal_utils.py:45: [B101, LOW] Use of assert detected. The enclosed code will be removed when compiling to optimised byte code.
/var/lib/jenkins/workspace/CP1_D/.aws-sam/build/GetTodoFunction/requests/auth.py:148: [B303, MEDIUM] Use of insecure MD2, MD4, MD5, or SHA1 hash function.
/var/lib/jenkins/workspace/CP1_D/.aws-sam/build/GetTodoFunction/requests/auth.py:156: [B303, MEDIUM] Use of insecure MD2, MD4, MD5, or SHA1 hash function.
/var/lib/jenkins/workspace/CP1_D/.aws-sam/build/GetTodoFunction/requests/auth.py:205: [B303, MEDIUM] Use of insecure MD2, MD4, MD5, or SHA1 hash function.
/var/lib/jenkins/workspace/CP1_D/.aws-sam/build/GetTodoFunction/urllib3/contrib/securetransport.py:719: [B101, LOW] Use of assert detected. The enclosed code will be removed when compiling to optimised byte code.
/var/lib/jenkins/workspace/CP1_D/.aws-sam/build/GetTodoFunction/urllib3/contrib/securetransport.py:723: [B101, LOW] Use of assert detected. The enclosed code will be removed when compiling to optimised byte code.
/var/lib/jenkins/workspace/CP1_D/.aws-sam/build/GetTodoFunction/urllib3/contrib/securetransport.py:902: [B101, LOW] Use of assert detected. The enclosed code will be removed when compiling to optimised byte code.
/var/lib/jenkins/workspace/CP1_D/.aws-sam/build/GetTodoFunction/urllib3/contrib/securetransport.py:903: [B101, LOW] Use of assert detected. The enclosed code will be removed when compiling to optimised byte code.
/var/lib/jenkins/workspace/CP1_D/.aws-sam/build/GetTodoFunction/urllib3/contrib/securetransport.py:904: [B101, LOW] Use of assert detected. The enclosed code will be removed when compiling to optimised byte code.
/var/lib/jenkins/workspace/CP1_D/.aws-sam/build/GetTodoFunction/urllib3/packages/backports/makefile.py:23: [B101, LOW] Use of assert detected. The enclosed code will be removed when compiling to optimised byte code.
/var/lib/jenkins/workspace/CP1_D/.aws-sam/build/GetTodoFunction/urllib3/packages/backports/makefile.py:45: [B101, LOW] Use of assert detected. The enclosed code will be removed when compiling to optimised byte code.
/var/lib/jenkins/workspace/CP1_D/.aws-sam/build/GetTodoFunction/urllib3/packages/six.py:788: [B102, MEDIUM] Use of exec detected.
/var/lib/jenkins/workspace/CP1_D/.aws-sam/build/GetTodoFunction/urllib3/util/connection.py:142: [B110, LOW] Try, Except, Pass detected.
/var/lib/jenkins/workspace/CP1_D/.aws-sam/build/GetTodoFunction/urllib3/util/ssl_.py:179: [B504, LOW] ssl.wrap_socket call with no SSL/TLS protocol version specified, the default SSLv23 could be insecure, possible security issue.
/var/lib/jenkins/workspace/CP1_D/.aws-sam/build/GetTodoFunction/urllib3/util/ssltransport.py:120: [B101, LOW] Use of assert detected. The enclosed code will be removed when compiling to optimised byte code.
/var/lib/jenkins/workspace/CP1_D/.aws-sam/build/GetTodoFunction/urllib3/util/ssltransport.py:142: [B101, LOW] Use of assert detected. The enclosed code will be removed when compiling to optimised byte code.
/var/lib/jenkins/workspace/CP1_D/.aws-sam/build/ListTodosFunction/requests/__init__.py:60: [B101, LOW] Use of assert detected. The enclosed code will be removed when compiling to optimised byte code.
/var/lib/jenkins/workspace/CP1_D/.aws-sam/build/ListTodosFunction/requests/__init__.py:70: [B101, LOW] Use of assert detected. The enclosed code will be removed when compiling to optimised byte code.
/var/lib/jenkins/workspace/CP1_D/.aws-sam/build/ListTodosFunction/requests/__init__.py:72: [B101, LOW] Use of assert detected. The enclosed code will be removed when compiling to optimised byte code.
/var/lib/jenkins/workspace/CP1_D/.aws-sam/build/ListTodosFunction/requests/__init__.py:79: [B101, LOW] Use of assert detected. The enclosed code will be removed when compiling to optimised byte code.
/var/lib/jenkins/workspace/CP1_D/.aws-sam/build/ListTodosFunction/requests/__init__.py:84: [B101, LOW] Use of assert detected. The enclosed code will be removed when compiling to optimised byte code.
/var/lib/jenkins/workspace/CP1_D/.aws-sam/build/ListTodosFunction/requests/_internal_utils.py:45: [B101, LOW] Use of assert detected. The enclosed code will be removed when compiling to optimised byte code.
/var/lib/jenkins/workspace/CP1_D/.aws-sam/build/ListTodosFunction/requests/auth.py:148: [B303, MEDIUM] Use of insecure MD2, MD4, MD5, or SHA1 hash function.
/var/lib/jenkins/workspace/CP1_D/.aws-sam/build/ListTodosFunction/requests/auth.py:156: [B303, MEDIUM] Use of insecure MD2, MD4, MD5, or SHA1 hash function.
/var/lib/jenkins/workspace/CP1_D/.aws-sam/build/ListTodosFunction/requests/auth.py:205: [B303, MEDIUM] Use of insecure MD2, MD4, MD5, or SHA1 hash function.
/var/lib/jenkins/workspace/CP1_D/.aws-sam/build/ListTodosFunction/urllib3/contrib/securetransport.py:719: [B101, LOW] Use of assert detected. The enclosed code will be removed when compiling to optimised byte code.
/var/lib/jenkins/workspace/CP1_D/.aws-sam/build/ListTodosFunction/urllib3/contrib/securetransport.py:723: [B101, LOW] Use of assert detected. The enclosed code will be removed when compiling to optimised byte code.
/var/lib/jenkins/workspace/CP1_D/.aws-sam/build/ListTodosFunction/urllib3/contrib/securetransport.py:902: [B101, LOW] Use of assert detected. The enclosed code will be removed when compiling to optimised byte code.
/var/lib/jenkins/workspace/CP1_D/.aws-sam/build/ListTodosFunction/urllib3/contrib/securetransport.py:903: [B101, LOW] Use of assert detected. The enclosed code will be removed when compiling to optimised byte code.
/var/lib/jenkins/workspace/CP1_D/.aws-sam/build/ListTodosFunction/urllib3/contrib/securetransport.py:904: [B101, LOW] Use of assert detected. The enclosed code will be removed when compiling to optimised byte code.
/var/lib/jenkins/workspace/CP1_D/.aws-sam/build/ListTodosFunction/urllib3/packages/backports/makefile.py:23: [B101, LOW] Use of assert detected. The enclosed code will be removed when compiling to optimised byte code.
/var/lib/jenkins/workspace/CP1_D/.aws-sam/build/ListTodosFunction/urllib3/packages/backports/makefile.py:45: [B101, LOW] Use of assert detected. The enclosed code will be removed when compiling to optimised byte code.
/var/lib/jenkins/workspace/CP1_D/.aws-sam/build/ListTodosFunction/urllib3/packages/six.py:788: [B102, MEDIUM] Use of exec detected.
/var/lib/jenkins/workspace/CP1_D/.aws-sam/build/ListTodosFunction/urllib3/util/connection.py:142: [B110, LOW] Try, Except, Pass detected.
/var/lib/jenkins/workspace/CP1_D/.aws-sam/build/ListTodosFunction/urllib3/util/ssl_.py:179: [B504, LOW] ssl.wrap_socket call with no SSL/TLS protocol version specified, the default SSLv23 could be insecure, possible security issue.
/var/lib/jenkins/workspace/CP1_D/.aws-sam/build/ListTodosFunction/urllib3/util/ssltransport.py:120: [B101, LOW] Use of assert detected. The enclosed code will be removed when compiling to optimised byte code.
/var/lib/jenkins/workspace/CP1_D/.aws-sam/build/ListTodosFunction/urllib3/util/ssltransport.py:142: [B101, LOW] Use of assert detected. The enclosed code will be removed when compiling to optimised byte code.
/var/lib/jenkins/workspace/CP1_D/.aws-sam/build/UpdateTodoFunction/requests/__init__.py:60: [B101, LOW] Use of assert detected. The enclosed code will be removed when compiling to optimised byte code.
/var/lib/jenkins/workspace/CP1_D/.aws-sam/build/UpdateTodoFunction/requests/__init__.py:70: [B101, LOW] Use of assert detected. The enclosed code will be removed when compiling to optimised byte code.
/var/lib/jenkins/workspace/CP1_D/.aws-sam/build/UpdateTodoFunction/requests/__init__.py:72: [B101, LOW] Use of assert detected. The enclosed code will be removed when compiling to optimised byte code.
/var/lib/jenkins/workspace/CP1_D/.aws-sam/build/UpdateTodoFunction/requests/__init__.py:79: [B101, LOW] Use of assert detected. The enclosed code will be removed when compiling to optimised byte code.
/var/lib/jenkins/workspace/CP1_D/.aws-sam/build/UpdateTodoFunction/requests/__init__.py:84: [B101, LOW] Use of assert detected. The enclosed code will be removed when compiling to optimised byte code.
/var/lib/jenkins/workspace/CP1_D/.aws-sam/build/UpdateTodoFunction/requests/_internal_utils.py:45: [B101, LOW] Use of assert detected. The enclosed code will be removed when compiling to optimised byte code.
/var/lib/jenkins/workspace/CP1_D/.aws-sam/build/UpdateTodoFunction/requests/auth.py:148: [B303, MEDIUM] Use of insecure MD2, MD4, MD5, or SHA1 hash function.
/var/lib/jenkins/workspace/CP1_D/.aws-sam/build/UpdateTodoFunction/requests/auth.py:156: [B303, MEDIUM] Use of insecure MD2, MD4, MD5, or SHA1 hash function.
/var/lib/jenkins/workspace/CP1_D/.aws-sam/build/UpdateTodoFunction/requests/auth.py:205: [B303, MEDIUM] Use of insecure MD2, MD4, MD5, or SHA1 hash function.
/var/lib/jenkins/workspace/CP1_D/.aws-sam/build/UpdateTodoFunction/urllib3/contrib/securetransport.py:719: [B101, LOW] Use of assert detected. The enclosed code will be removed when compiling to optimised byte code.
/var/lib/jenkins/workspace/CP1_D/.aws-sam/build/UpdateTodoFunction/urllib3/contrib/securetransport.py:723: [B101, LOW] Use of assert detected. The enclosed code will be removed when compiling to optimised byte code.
/var/lib/jenkins/workspace/CP1_D/.aws-sam/build/UpdateTodoFunction/urllib3/contrib/securetransport.py:902: [B101, LOW] Use of assert detected. The enclosed code will be removed when compiling to optimised byte code.
/var/lib/jenkins/workspace/CP1_D/.aws-sam/build/UpdateTodoFunction/urllib3/contrib/securetransport.py:903: [B101, LOW] Use of assert detected. The enclosed code will be removed when compiling to optimised byte code.
/var/lib/jenkins/workspace/CP1_D/.aws-sam/build/UpdateTodoFunction/urllib3/contrib/securetransport.py:904: [B101, LOW] Use of assert detected. The enclosed code will be removed when compiling to optimised byte code.
/var/lib/jenkins/workspace/CP1_D/.aws-sam/build/UpdateTodoFunction/urllib3/packages/backports/makefile.py:23: [B101, LOW] Use of assert detected. The enclosed code will be removed when compiling to optimised byte code.
/var/lib/jenkins/workspace/CP1_D/.aws-sam/build/UpdateTodoFunction/urllib3/packages/backports/makefile.py:45: [B101, LOW] Use of assert detected. The enclosed code will be removed when compiling to optimised byte code.
/var/lib/jenkins/workspace/CP1_D/.aws-sam/build/UpdateTodoFunction/urllib3/packages/six.py:788: [B102, MEDIUM] Use of exec detected.
/var/lib/jenkins/workspace/CP1_D/.aws-sam/build/UpdateTodoFunction/urllib3/util/connection.py:142: [B110, LOW] Try, Except, Pass detected.
/var/lib/jenkins/workspace/CP1_D/.aws-sam/build/UpdateTodoFunction/urllib3/util/ssl_.py:179: [B504, LOW] ssl.wrap_socket call with no SSL/TLS protocol version specified, the default SSLv23 could be insecure, possible security issue.
/var/lib/jenkins/workspace/CP1_D/.aws-sam/build/UpdateTodoFunction/urllib3/util/ssltransport.py:120: [B101, LOW] Use of assert detected. The enclosed code will be removed when compiling to optimised byte code.
/var/lib/jenkins/workspace/CP1_D/.aws-sam/build/UpdateTodoFunction/urllib3/util/ssltransport.py:142: [B101, LOW] Use of assert detected. The enclosed code will be removed when compiling to optimised byte code.
/var/lib/jenkins/workspace/CP1_D/test/integration/todoApiTest.py:30: [B113, MEDIUM] Requests call without timeout
/var/lib/jenkins/workspace/CP1_D/test/integration/todoApiTest.py:44: [B113, MEDIUM] Requests call without timeout
/var/lib/jenkins/workspace/CP1_D/test/integration/todoApiTest.py:59: [B113, MEDIUM] Requests call without timeout
/var/lib/jenkins/workspace/CP1_D/test/integration/todoApiTest.py:72: [B113, MEDIUM] Requests call without timeout
/var/lib/jenkins/workspace/CP1_D/test/integration/todoApiTest.py:85: [B113, MEDIUM] Requests call without timeout
/var/lib/jenkins/workspace/CP1_D/test/integration/todoApiTest.py:99: [B113, MEDIUM] Requests call without timeout
/var/lib/jenkins/workspace/CP1_D/test/integration/todoApiTest.py:109: [B113, MEDIUM] Requests call without timeout
/var/lib/jenkins/workspace/CP1_D/test/integration/todoApiTest.py:123: [B113, MEDIUM] Requests call without timeout
/var/lib/jenkins/workspace/CP1_D/test/integration/todoApiTest.py:141: [B113, MEDIUM] Requests call without timeout
/var/lib/jenkins/workspace/CP1_D/test/integration/todoApiTest.py:153: [B113, MEDIUM] Requests call without timeout
/var/lib/jenkins/workspace/CP1_D/test/integration/todoApiTest.py:163: [B113, MEDIUM] Requests call without timeout
/var/lib/jenkins/workspace/CP1_D/test/integration/todoApiTest.py:176: [B113, MEDIUM] Requests call without timeout
/var/lib/jenkins/workspace/CP1_D/test/integration/todoApiTest.py:189: [B113, MEDIUM] Requests call without timeout
/var/lib/jenkins/workspace/CP1_D/test/integration/todoApiTest.py:196: [B113, MEDIUM] Requests call without timeout
